<?xml version="1.0" encoding="UTF-8"?>
<!-- Generated by org.testng.reporters.JUnitReportReporter -->
<testsuite hostname="DESKTOP-QI4JHSQ" failures="0" tests="2" name="scripts.ValidLogin" time="69.168" errors="0" timestamp="2021-12-24T14:51:49 IST" skipped="0">
  <testcase classname="scripts.ValidLogin" name="testValidLogin" time="35.859"/>
  <system-out/>
  <testcase classname="scripts.ValidLogin" name="testValidLogin" time="33.309"/>
  <system-out/>
</testsuite> <!-- scripts.ValidLogin -->
