<?xml version="1.0" encoding="UTF-8"?>
<!-- Generated by org.testng.reporters.JUnitReportReporter -->
<testsuite hostname="DESKTOP-QI4JHSQ" failures="0" tests="2" name="scripts.InvalidLogin" time="67.906" errors="0" timestamp="2021-12-24T14:51:49 IST" skipped="0">
  <testcase classname="scripts.InvalidLogin" name="testInvalidLogin" time="33.192"/>
  <system-out/>
  <testcase classname="scripts.InvalidLogin" name="testInvalidLogin" time="34.714"/>
  <system-out/>
</testsuite> <!-- scripts.InvalidLogin -->
