<?xml version="1.0" encoding="UTF-8"?>
<!-- Generated by org.testng.reporters.JUnitReportReporter -->
<testsuite hostname="DESKTOP-QI4JHSQ" failures="0" tests="1" name="scripts.ValidLogin" time="31.926" errors="0" timestamp="2021-12-23T22:04:45 IST" skipped="0">
  <testcase classname="scripts.ValidLogin" name="testValidLogin" time="31.926"/>
  <system-out/>
</testsuite> <!-- scripts.ValidLogin -->
