<?xml version="1.0" encoding="UTF-8"?>
<!-- Generated by org.testng.reporters.JUnitReportReporter -->
<testsuite hostname="DESKTOP-QI4JHSQ" failures="0" tests="1" name="scripts.Demo" time="18.113" errors="0" timestamp="2021-12-23T09:48:25 IST" skipped="0">
  <testcase classname="scripts.Demo" name="testA" time="18.113"/>
  <system-out>
    <![CDATA[XL Data:admin
Demo test]]>
  </system-out>
</testsuite> <!-- scripts.Demo -->
