<?xml version="1.0" encoding="UTF-8"?>
<!-- Generated by org.testng.reporters.JUnitReportReporter -->
<testsuite hostname="DESKTOP-QI4JHSQ" failures="0" tests="2" name="scripts.Demo" time="80.507" errors="0" timestamp="2021-12-24T14:51:49 IST" skipped="0">
  <testcase classname="scripts.Demo" name="testA" time="27.123"/>
  <system-out>
    <![CDATA[XL Data:
Demo test]]>
  </system-out>
  <testcase classname="scripts.Demo" name="testA" time="53.384"/>
  <system-out>
    <![CDATA[XL Data:
Demo test]]>
  </system-out>
</testsuite> <!-- scripts.Demo -->
